<?xml version="1.0" encoding="UTF-8"?>
<robot generator="Robot 3.1.2 (Python 3.8.1 on win32)" generated="20220128 20:57:44.472" rpa="false">
<suite id="s1" name="Login wih images elements" source="c:\Users\Satish\gits\ScreenCoach\TestSuite\Login_wih_images_elements.robot">
<kw name="Suite Setup" type="setup">
<kw name="Open Browser With Download Capabilities" library="SW">
<doc>:param url:
:param browser:
:param remote_url:
:return:</doc>
<arguments>
<arg>https://manage-dev.myscreencoach.com/#/login</arg>
<arg>gc</arg>
<arg>remote_url=${remote_url}</arg>
</arguments>
<status status="PASS" starttime="20220128 20:57:45.733" endtime="20220128 20:57:59.217"></status>
</kw>
<kw name="Maximize Browser Window" library="Selenium2Library">
<doc>Maximizes current browser window.</doc>
<status status="PASS" starttime="20220128 20:57:59.217" endtime="20220128 20:58:01.356"></status>
</kw>
<kw name="Select Element From Image Opencv" library="SH">
<arguments>
<arg>welcome.png</arg>
</arguments>
<msg timestamp="20220128 20:58:12.795" level="INFO">wating for welcome.pngfor sec 1
wating for welcome.pngfor sec 2
wating for welcome.pngfor sec 3
wating for welcome.pngfor sec 4
got elemet clicking</msg>
<status status="PASS" starttime="20220128 20:58:01.356" endtime="20220128 20:58:12.796"></status>
</kw>
<status status="PASS" starttime="20220128 20:57:45.733" endtime="20220128 20:58:12.797"></status>
</kw>
<test id="s1-t1" name="User_login">
<kw name="Select Element From Image Opencv" library="SH">
<arguments>
<arg>email_box.png</arg>
</arguments>
<msg timestamp="20220128 20:58:15.549" level="INFO">got elemet clicking</msg>
<status status="PASS" starttime="20220128 20:58:12.807" endtime="20220128 20:58:15.550"></status>
</kw>
<kw name="Execute Javascript" library="Selenium2Library">
<doc>Executes the given JavaScript code with possible arguments.</doc>
<arguments>
<arg>document.querySelector("#app-container &gt; flt-glass-pane").shadowRoot.querySelector("input").value=${user_name}</arg>
</arguments>
<msg timestamp="20220128 20:58:15.552" level="INFO">Executing JavaScript:
document.querySelector("#app-container &gt; flt-glass-pane").shadowRoot.querySelector("input").value="sneh@myscreencoach.com"
Without any arguments.</msg>
<status status="PASS" starttime="20220128 20:58:15.550" endtime="20220128 20:58:15.610"></status>
</kw>
<kw name="Select Element From Image Opencv" library="SH">
<arguments>
<arg>password_box.png</arg>
</arguments>
<msg timestamp="20220128 20:58:18.364" level="INFO">got elemet clicking</msg>
<status status="PASS" starttime="20220128 20:58:15.611" endtime="20220128 20:58:18.364"></status>
</kw>
<kw name="Execute Javascript" library="Selenium2Library">
<doc>Executes the given JavaScript code with possible arguments.</doc>
<arguments>
<arg>document.querySelector("#app-container &gt; flt-glass-pane").shadowRoot.querySelector("input").value=${user_password}</arg>
</arguments>
<msg timestamp="20220128 20:58:18.367" level="INFO">Executing JavaScript:
document.querySelector("#app-container &gt; flt-glass-pane").shadowRoot.querySelector("input").value="Jaipur123*"
Without any arguments.</msg>
<status status="PASS" starttime="20220128 20:58:18.365" endtime="20220128 20:58:18.407"></status>
</kw>
<kw name="Select Element From Image Opencv" library="SH">
<arguments>
<arg>loginbtn.png</arg>
</arguments>
<msg timestamp="20220128 20:58:23.261" level="INFO">wating for loginbtn.pngfor sec 1
got elemet clicking</msg>
<status status="PASS" starttime="20220128 20:58:18.408" endtime="20220128 20:58:23.262"></status>
</kw>
<kw name="Select Element From Image Opencv" library="SH">
<arguments>
<arg>add_family.png</arg>
</arguments>
<msg timestamp="20220128 20:58:34.771" level="INFO">wating for add_family.pngfor sec 1
wating for add_family.pngfor sec 2
wating for add_family.pngfor sec 3
wating for add_family.pngfor sec 4
got elemet clicking</msg>
<status status="PASS" starttime="20220128 20:58:23.264" endtime="20220128 20:58:34.771"></status>
</kw>
<kw name="Capture Page Screenshot" library="Selenium2Library">
<doc>Takes a screenshot of the current page and embeds it into a log file.</doc>
<arguments>
<arg>message.png</arg>
</arguments>
<msg timestamp="20220128 20:58:34.945" level="INFO" html="yes">&lt;/td&gt;&lt;/tr&gt;&lt;tr&gt;&lt;td colspan="3"&gt;&lt;a href="message.png"&gt;&lt;img src="message.png" width="800px"&gt;&lt;/a&gt;</msg>
<status status="PASS" starttime="20220128 20:58:34.774" endtime="20220128 20:58:34.945"></status>
</kw>
<status status="PASS" starttime="20220128 20:58:12.798" endtime="20220128 20:58:34.945" critical="yes"></status>
</test>
<kw name="Suite Teardown" type="teardown">
<kw name="Close Browser" library="Selenium2Library">
<doc>Closes the current browser.</doc>
<status status="PASS" starttime="20220128 20:58:34.948" endtime="20220128 20:58:39.436"></status>
</kw>
<status status="PASS" starttime="20220128 20:58:34.948" endtime="20220128 20:58:39.436"></status>
</kw>
<status status="PASS" starttime="20220128 20:57:44.475" endtime="20220128 20:58:39.436"></status>
</suite>
<statistics>
<total>
<stat pass="1" fail="0">Critical Tests</stat>
<stat pass="1" fail="0">All Tests</stat>
</total>
<tag>
</tag>
<suite>
<stat pass="1" fail="0" id="s1" name="Login wih images elements">Login wih images elements</stat>
</suite>
</statistics>
<errors>
<msg timestamp="20220128 20:57:44.466" level="ERROR">Executing model modifier 'FilteringTestsSuiteVisitor' failed: AttributeError: 'TestCase' object has no attribute 'source'
Traceback (most recent call last):
  File "c:\Users\Satish\.vscode\extensions\robocorp.robotframework-lsp-0.38.1\src\robotframework_debug_adapter\prerun_modifiers.py", line 87, in start_suite
    source = self._normalize(t.source)</msg>
<msg timestamp="20220128 20:57:45.731" level="ERROR">Error in file 'c:\Users\Satish\gits\ScreenCoach\TestSuite\Login_wih_images_elements.robot': Replacing variables from setting 'Resource' failed: Variable '${Resources}' not found.</msg>
</errors>
</robot>
